INFO [2017-11-19 23:12:22] starting server
INFO [2017-11-19 23:12:22] finished loading data
INFO [2017-11-19 23:12:27] userFile: xlsx SphCer_98818_.xlsx
INFO [2017-11-19 23:12:27] 215: availableSheets Summary, C14-Cer, C16-Cer, C18-Cer, C18_1-Cer, C20-Cer, C20_1-Cer, C20_4-Cer, C22-Cer, C22_1-Cer, C24-Cer, C24_1-Cer, C26-Cer, C26_1-Cer, dhC16-Cer, dhSph, dhSph-1P, Sph, Sph-1P, 13C16-Cer_IS, 17C-Sph_IS, 17C-Sph1P_IS, 17C16-Cer_IS, 17C24_1-Cer-IS, C17-Cer_IS
INFO [2017-11-19 23:12:27] 392: SETTING FILE OPTIONS
INFO [2017-11-19 23:12:27] 392: SETTING FILE OPTIONS
INFO [2017-11-19 23:12:27] START applyRowColumnFilters:  59 1 1 1 1 DIM(d) 59, 19
INFO [2017-11-19 23:12:27] END applyRowColumnFilters:  1 1 1 1 DIM(d) 59, 19
INFO [2017-11-19 23:12:27] START applyRowColumnFilters:  59 1 1 1 1 DIM(d) 59, 19
INFO [2017-11-19 23:12:27] END applyRowColumnFilters:  1 1 1 1 DIM(d) 59, 19
INFO [2017-11-19 23:12:29] NA
INFO [2017-11-19 23:12:30] START applyRowColumnFilters:  59 5 1 1 1 DIM(d) 59, 19
INFO [2017-11-19 23:12:30] END applyRowColumnFilters:  5 1 1 1 DIM(d) 55, 19
INFO [2017-11-19 23:12:32] START applyRowColumnFilters:  59 5 1 41 1 DIM(d) 59, 19
INFO [2017-11-19 23:12:32] END applyRowColumnFilters:  5 1 41 1 DIM(d) 37, 19
INFO [2017-11-19 23:12:33] set data: dataframe, filename, description, availableSheets, selectedSheet
INFO [2017-11-19 23:12:33] SET DATA nrows: 37
INFO [2017-11-19 23:12:35] START applyRowColumnFilters:  59 5 5 41 1 DIM(d) 59, 19
INFO [2017-11-19 23:12:35] END applyRowColumnFilters:  5 5 41 1 DIM(d) 37, 5
INFO [2017-11-19 23:12:37] START applyRowColumnFilters:  59 5 5 41 10 DIM(d) 59, 19
INFO [2017-11-19 23:12:37] END applyRowColumnFilters:  5 5 41 10 DIM(d) 37, 6
INFO [2017-11-19 23:12:39] 392: SETTING FILE OPTIONS
INFO [2017-11-19 23:12:39] START applyRowColumnFilters:  55 5 5 41 10 DIM(d) 55, 19
INFO [2017-11-19 23:12:39] END applyRowColumnFilters:  5 5 41 10 DIM(d) 37, 6
INFO [2017-11-19 23:12:40] SET META DATA nrow: 37
INFO [2017-11-19 23:12:41] setting metadata() and orig_metadata()
INFO [2017-11-19 23:12:41] clearing factor info
INFO [2017-11-19 23:12:41] ok got at least one potential factor
INFO [2017-11-19 23:12:41] setDetails: all: 6 available: 0 need processing: 6
INFO [2017-11-19 23:12:41] 370: computeDisplayDetails: (of factors)
INFO [2017-11-19 23:12:41] now setting computed display detils
INFO [2017-11-19 23:12:42] fp_factorVariables
INFO [2017-11-19 23:12:50] GROUP FACTOR DISPLAY DETAILS
INFO [2017-11-19 23:16:53] starting server
INFO [2017-11-19 23:16:53] finished loading data
INFO [2017-11-19 23:17:41] userFile: xlsx SphCer_98818_.xlsx
INFO [2017-11-19 23:17:41] 392: SETTING FILE OPTIONS
INFO [2017-11-19 23:17:41] 215: availableSheets Summary, C14-Cer, C16-Cer, C18-Cer, C18_1-Cer, C20-Cer, C20_1-Cer, C20_4-Cer, C22-Cer, C22_1-Cer, C24-Cer, C24_1-Cer, C26-Cer, C26_1-Cer, dhC16-Cer, dhSph, dhSph-1P, Sph, Sph-1P, 13C16-Cer_IS, 17C-Sph_IS, 17C-Sph1P_IS, 17C16-Cer_IS, 17C24_1-Cer-IS, C17-Cer_IS
INFO [2017-11-19 23:17:42] 392: SETTING FILE OPTIONS
INFO [2017-11-19 23:17:42] START applyRowColumnFilters:  59 1 1 1 1 DIM(d) 59, 19
INFO [2017-11-19 23:17:42] END applyRowColumnFilters:  1 1 1 1 DIM(d) 59, 19
INFO [2017-11-19 23:17:42] START applyRowColumnFilters:  59 1 1 1 1 DIM(d) 59, 19
INFO [2017-11-19 23:17:42] END applyRowColumnFilters:  1 1 1 1 DIM(d) 59, 19
INFO [2017-11-19 23:17:44] NA
INFO [2017-11-19 23:17:45] START applyRowColumnFilters:  59 5 1 1 1 DIM(d) 59, 19
INFO [2017-11-19 23:17:45] END applyRowColumnFilters:  5 1 1 1 DIM(d) 55, 19
INFO [2017-11-19 23:17:46] NA
INFO [2017-11-19 23:17:47] START applyRowColumnFilters:  59 5 1 41 1 DIM(d) 59, 19
INFO [2017-11-19 23:17:47] END applyRowColumnFilters:  5 1 41 1 DIM(d) 37, 19
INFO [2017-11-19 23:17:48] set data: dataframe, filename, description, availableSheets, selectedSheet
INFO [2017-11-19 23:17:48] SET DATA nrows: 37
INFO [2017-11-19 23:17:50] 392: SETTING FILE OPTIONS
INFO [2017-11-19 23:17:50] START applyRowColumnFilters:  55 5 1 41 1 DIM(d) 55, 19
INFO [2017-11-19 23:17:50] END applyRowColumnFilters:  5 1 41 1 DIM(d) 37, 19
INFO [2017-11-19 23:17:52] START applyRowColumnFilters:  55 5 5 41 1 DIM(d) 55, 19
INFO [2017-11-19 23:17:52] END applyRowColumnFilters:  5 5 41 1 DIM(d) 37, 5
INFO [2017-11-19 23:17:53] START applyRowColumnFilters:  55 5 5 41 10 DIM(d) 55, 19
INFO [2017-11-19 23:17:53] END applyRowColumnFilters:  5 5 41 10 DIM(d) 37, 6
INFO [2017-11-19 23:17:54] SET META DATA nrow: 37
INFO [2017-11-19 23:17:54] setting metadata() and orig_metadata()
INFO [2017-11-19 23:17:54] clearing factor info
INFO [2017-11-19 23:17:54] ok got at least one potential factor
INFO [2017-11-19 23:17:54] setDetails: all: 6 available: 0 need processing: 6
INFO [2017-11-19 23:17:55] 370: computeDisplayDetails: (of factors)
INFO [2017-11-19 23:17:55] now setting computed display detils
INFO [2017-11-19 23:17:56] fp_factorVariables
INFO [2017-11-19 23:18:04] GROUP FACTOR DISPLAY DETAILS
INFO [2017-11-19 23:18:15] observeEvent$lastClick median_1
INFO [2017-11-19 23:20:20] starting server
INFO [2017-11-19 23:20:20] finished loading data
INFO [2017-11-19 23:20:25] userFile: xlsx SphCer_98818_.xlsx
INFO [2017-11-19 23:20:25] 392: SETTING FILE OPTIONS
INFO [2017-11-19 23:20:25] 215: availableSheets Summary, C14-Cer, C16-Cer, C18-Cer, C18_1-Cer, C20-Cer, C20_1-Cer, C20_4-Cer, C22-Cer, C22_1-Cer, C24-Cer, C24_1-Cer, C26-Cer, C26_1-Cer, dhC16-Cer, dhSph, dhSph-1P, Sph, Sph-1P, 13C16-Cer_IS, 17C-Sph_IS, 17C-Sph1P_IS, 17C16-Cer_IS, 17C24_1-Cer-IS, C17-Cer_IS
INFO [2017-11-19 23:20:26] 392: SETTING FILE OPTIONS
INFO [2017-11-19 23:20:26] START applyRowColumnFilters:  59 1 1 1 1 DIM(d) 59, 19
INFO [2017-11-19 23:20:26] END applyRowColumnFilters:  1 1 1 1 DIM(d) 59, 19
INFO [2017-11-19 23:20:26] START applyRowColumnFilters:  59 1 1 1 1 DIM(d) 59, 19
INFO [2017-11-19 23:20:26] END applyRowColumnFilters:  1 1 1 1 DIM(d) 59, 19
INFO [2017-11-19 23:20:28] START applyRowColumnFilters:  59 5 1 1 1 DIM(d) 59, 19
INFO [2017-11-19 23:20:28] END applyRowColumnFilters:  5 1 1 1 DIM(d) 55, 19
INFO [2017-11-19 23:20:30] START applyRowColumnFilters:  59 5 1 41 1 DIM(d) 59, 19
INFO [2017-11-19 23:20:30] END applyRowColumnFilters:  5 1 41 1 DIM(d) 37, 19
INFO [2017-11-19 23:20:31] set data: dataframe, filename, description, availableSheets, selectedSheet
INFO [2017-11-19 23:20:31] SET DATA nrows: 37
INFO [2017-11-19 23:20:32] 392: SETTING FILE OPTIONS
INFO [2017-11-19 23:20:32] START applyRowColumnFilters:  55 5 1 41 1 DIM(d) 55, 19
INFO [2017-11-19 23:20:32] END applyRowColumnFilters:  5 1 41 1 DIM(d) 37, 19
INFO [2017-11-19 23:20:35] START applyRowColumnFilters:  55 5 5 41 1 DIM(d) 55, 19
INFO [2017-11-19 23:20:35] END applyRowColumnFilters:  5 5 41 1 DIM(d) 37, 5
INFO [2017-11-19 23:20:36] START applyRowColumnFilters:  55 5 5 41 10 DIM(d) 55, 19
INFO [2017-11-19 23:20:36] END applyRowColumnFilters:  5 5 41 10 DIM(d) 37, 6
INFO [2017-11-19 23:20:37] SET META DATA nrow: 37
INFO [2017-11-19 23:20:37] setting metadata() and orig_metadata()
INFO [2017-11-19 23:20:37] clearing factor info
INFO [2017-11-19 23:20:37] ok got at least one potential factor
INFO [2017-11-19 23:20:37] setDetails: all: 6 available: 0 need processing: 6
INFO [2017-11-19 23:20:37] 370: computeDisplayDetails: (of factors)
INFO [2017-11-19 23:20:37] now setting computed display detils
INFO [2017-11-19 23:20:39] fp_factorVariables
INFO [2017-11-19 23:20:43] observeEvent$lastClick median_1
INFO [2017-11-19 23:24:27] starting server
INFO [2017-11-19 23:24:28] finished loading data
INFO [2017-11-19 23:24:34] userFile: xlsx SphCer_98818_.xlsx
INFO [2017-11-19 23:24:34] 392: SETTING FILE OPTIONS
INFO [2017-11-19 23:24:34] 215: availableSheets Summary, C14-Cer, C16-Cer, C18-Cer, C18_1-Cer, C20-Cer, C20_1-Cer, C20_4-Cer, C22-Cer, C22_1-Cer, C24-Cer, C24_1-Cer, C26-Cer, C26_1-Cer, dhC16-Cer, dhSph, dhSph-1P, Sph, Sph-1P, 13C16-Cer_IS, 17C-Sph_IS, 17C-Sph1P_IS, 17C16-Cer_IS, 17C24_1-Cer-IS, C17-Cer_IS
INFO [2017-11-19 23:24:34] 392: SETTING FILE OPTIONS
INFO [2017-11-19 23:24:34] START applyRowColumnFilters:  59 1 1 1 1 DIM(d) 59, 19
INFO [2017-11-19 23:24:34] END applyRowColumnFilters:  1 1 1 1 DIM(d) 59, 19
INFO [2017-11-19 23:24:34] START applyRowColumnFilters:  59 1 1 1 1 DIM(d) 59, 19
INFO [2017-11-19 23:24:34] END applyRowColumnFilters:  1 1 1 1 DIM(d) 59, 19
INFO [2017-11-19 23:24:37] NA
INFO [2017-11-19 23:24:38] START applyRowColumnFilters:  59 5 1 1 1 DIM(d) 59, 19
INFO [2017-11-19 23:24:38] END applyRowColumnFilters:  5 1 1 1 DIM(d) 55, 19
INFO [2017-11-19 23:24:39] NA
INFO [2017-11-19 23:24:40] START applyRowColumnFilters:  59 5 1 4 1 DIM(d) 59, 19
INFO [2017-11-19 23:24:40] END applyRowColumnFilters:  5 1 4 1 DIM(d) 55, 19
INFO [2017-11-19 23:24:40] START applyRowColumnFilters:  59 5 1 41 1 DIM(d) 59, 19
INFO [2017-11-19 23:24:40] END applyRowColumnFilters:  5 1 41 1 DIM(d) 37, 19
INFO [2017-11-19 23:24:42] set data: dataframe, filename, description, availableSheets, selectedSheet
INFO [2017-11-19 23:24:42] SET DATA nrows: 37
INFO [2017-11-19 23:24:44] NA
INFO [2017-11-19 23:24:44] START applyRowColumnFilters:  59 5 5 41 1 DIM(d) 59, 19
INFO [2017-11-19 23:24:44] END applyRowColumnFilters:  5 5 41 1 DIM(d) 37, 5
INFO [2017-11-19 23:24:46] START applyRowColumnFilters:  59 5 5 41 10 DIM(d) 59, 19
INFO [2017-11-19 23:24:46] END applyRowColumnFilters:  5 5 41 10 DIM(d) 37, 6
INFO [2017-11-19 23:24:47] SET META DATA nrow: 37
INFO [2017-11-19 23:24:47] setting metadata() and orig_metadata()
INFO [2017-11-19 23:24:47] clearing factor info
INFO [2017-11-19 23:24:47] ok got at least one potential factor
INFO [2017-11-19 23:24:47] setDetails: all: 6 available: 0 need processing: 6
INFO [2017-11-19 23:24:47] 370: computeDisplayDetails: (of factors)
INFO [2017-11-19 23:24:47] now setting computed display detils
INFO [2017-11-19 23:24:49] fp_factorVariables
INFO [2017-11-19 23:24:51] observeEvent$lastClick median_1
INFO [2017-11-19 23:24:51] MEDIAN row median_1 row 1
INFO [2017-11-19 23:24:51] applyFactorButton: 1 tp median
INFO [2017-11-20 00:50:16] starting server
INFO [2017-11-20 00:50:16] finished loading data
INFO [2017-11-20 00:50:22] userFile: xlsx SphCer_98818_.xlsx
INFO [2017-11-20 00:50:22] 392: SETTING FILE OPTIONS
INFO [2017-11-20 00:50:22] 215: availableSheets Summary, C14-Cer, C16-Cer, C18-Cer, C18_1-Cer, C20-Cer, C20_1-Cer, C20_4-Cer, C22-Cer, C22_1-Cer, C24-Cer, C24_1-Cer, C26-Cer, C26_1-Cer, dhC16-Cer, dhSph, dhSph-1P, Sph, Sph-1P, 13C16-Cer_IS, 17C-Sph_IS, 17C-Sph1P_IS, 17C16-Cer_IS, 17C24_1-Cer-IS, C17-Cer_IS
INFO [2017-11-20 00:50:22] 392: SETTING FILE OPTIONS
INFO [2017-11-20 00:50:22] START applyRowColumnFilters:  59 1 1 1 1 DIM(d) 59, 19
INFO [2017-11-20 00:50:22] END applyRowColumnFilters:  1 1 1 1 DIM(d) 59, 19
INFO [2017-11-20 00:50:23] START applyRowColumnFilters:  59 1 1 1 1 DIM(d) 59, 19
INFO [2017-11-20 00:50:23] END applyRowColumnFilters:  1 1 1 1 DIM(d) 59, 19
INFO [2017-11-20 00:50:27] NA
INFO [2017-11-20 00:50:27] START applyRowColumnFilters:  59 5 1 1 1 DIM(d) 59, 19
INFO [2017-11-20 00:50:27] END applyRowColumnFilters:  5 1 1 1 DIM(d) 55, 19
INFO [2017-11-20 00:50:29] START applyRowColumnFilters:  59 5 1 41 1 DIM(d) 59, 19
INFO [2017-11-20 00:50:29] END applyRowColumnFilters:  5 1 41 1 DIM(d) 37, 19
INFO [2017-11-20 00:50:31] set data: dataframe, filename, description, availableSheets, selectedSheet
INFO [2017-11-20 00:50:31] SET DATA nrows: 37
INFO [2017-11-20 00:50:33] 392: SETTING FILE OPTIONS
INFO [2017-11-20 00:50:33] START applyRowColumnFilters:  55 5 1 41 1 DIM(d) 55, 19
INFO [2017-11-20 00:50:33] END applyRowColumnFilters:  5 1 41 1 DIM(d) 37, 19
INFO [2017-11-20 00:50:35] NA
INFO [2017-11-20 00:50:36] START applyRowColumnFilters:  55 5 5 41 1 DIM(d) 55, 19
INFO [2017-11-20 00:50:36] END applyRowColumnFilters:  5 5 41 1 DIM(d) 37, 5
INFO [2017-11-20 00:50:37] START applyRowColumnFilters:  55 5 5 41 10 DIM(d) 55, 19
INFO [2017-11-20 00:50:37] END applyRowColumnFilters:  5 5 41 10 DIM(d) 37, 6
INFO [2017-11-20 00:50:38] SET META DATA nrow: 37
INFO [2017-11-20 00:50:39] setting metadata() and orig_metadata()
INFO [2017-11-20 00:50:39] clearing factor info
INFO [2017-11-20 00:50:39] ok got at least one potential factor
INFO [2017-11-20 00:50:39] setDetails: all: 6 available: 0 need processing: 6
INFO [2017-11-20 00:50:39] 370: computeDisplayDetails: (of factors)
INFO [2017-11-20 00:50:39] now setting computed display detils
INFO [2017-11-20 00:50:42] fp_factorVariables
INFO [2017-11-20 00:50:48] observeEvent$lastClick median_4
INFO [2017-11-20 00:50:48] MEDIAN row median_4 row 4
INFO [2017-11-20 00:50:48] applyFactorButton: 4 tp median
INFO [2017-11-20 00:56:11] starting server
INFO [2017-11-20 00:56:11] finished loading data
INFO [2017-11-20 00:56:17] userFile: xlsx SphCer_98818_.xlsx
INFO [2017-11-20 00:56:17] 215: availableSheets Summary, C14-Cer, C16-Cer, C18-Cer, C18_1-Cer, C20-Cer, C20_1-Cer, C20_4-Cer, C22-Cer, C22_1-Cer, C24-Cer, C24_1-Cer, C26-Cer, C26_1-Cer, dhC16-Cer, dhSph, dhSph-1P, Sph, Sph-1P, 13C16-Cer_IS, 17C-Sph_IS, 17C-Sph1P_IS, 17C16-Cer_IS, 17C24_1-Cer-IS, C17-Cer_IS
INFO [2017-11-20 00:56:17] 392: SETTING FILE OPTIONS
INFO [2017-11-20 00:56:17] 392: SETTING FILE OPTIONS
INFO [2017-11-20 00:56:17] START applyRowColumnFilters:  59 1 1 1 1 DIM(d) 59, 19
INFO [2017-11-20 00:56:17] END applyRowColumnFilters:  1 1 1 1 DIM(d) 59, 19
INFO [2017-11-20 00:56:17] START applyRowColumnFilters:  59 1 1 1 1 DIM(d) 59, 19
INFO [2017-11-20 00:56:17] END applyRowColumnFilters:  1 1 1 1 DIM(d) 59, 19
INFO [2017-11-20 00:56:20] START applyRowColumnFilters:  59 5 1 1 1 DIM(d) 59, 19
INFO [2017-11-20 00:56:20] END applyRowColumnFilters:  5 1 1 1 DIM(d) 55, 19
INFO [2017-11-20 00:56:22] START applyRowColumnFilters:  59 5 1 41 1 DIM(d) 59, 19
INFO [2017-11-20 00:56:22] END applyRowColumnFilters:  5 1 41 1 DIM(d) 37, 19
INFO [2017-11-20 00:56:23] set data: dataframe, filename, description, availableSheets, selectedSheet
INFO [2017-11-20 00:56:23] SET DATA nrows: 37
INFO [2017-11-20 00:56:25] 392: SETTING FILE OPTIONS
INFO [2017-11-20 00:56:25] START applyRowColumnFilters:  55 5 1 41 1 DIM(d) 55, 19
INFO [2017-11-20 00:56:25] END applyRowColumnFilters:  5 1 41 1 DIM(d) 37, 19
INFO [2017-11-20 00:56:27] START applyRowColumnFilters:  55 5 5 41 1 DIM(d) 55, 19
INFO [2017-11-20 00:56:27] END applyRowColumnFilters:  5 5 41 1 DIM(d) 37, 5
INFO [2017-11-20 00:56:29] START applyRowColumnFilters:  55 5 5 41 10 DIM(d) 55, 19
INFO [2017-11-20 00:56:29] END applyRowColumnFilters:  5 5 41 10 DIM(d) 37, 6
INFO [2017-11-20 00:56:31] SET META DATA nrow: 37
INFO [2017-11-20 00:56:31] setting metadata() and orig_metadata()
INFO [2017-11-20 00:56:31] clearing factor info
INFO [2017-11-20 00:56:31] ok got at least one potential factor
INFO [2017-11-20 00:56:31] setDetails: all: 6 available: 0 need processing: 6
INFO [2017-11-20 00:56:31] 370: computeDisplayDetails: (of factors)
INFO [2017-11-20 00:56:31] now setting computed display detils
INFO [2017-11-20 00:56:32] fp_factorVariables
INFO [2017-11-20 00:56:36] observeEvent$lastClick median_4
INFO [2017-11-20 00:56:36] MEDIAN row median_4 row 4
INFO [2017-11-20 00:56:36] applyFactorButton: 4 tp median
INFO [2017-11-20 01:01:28] starting server
INFO [2017-11-20 01:01:29] finished loading data
INFO [2017-11-20 01:06:09] userFile: xlsx SphCer_98818_.xlsx
INFO [2017-11-20 01:06:09] 215: availableSheets Summary, C14-Cer, C16-Cer, C18-Cer, C18_1-Cer, C20-Cer, C20_1-Cer, C20_4-Cer, C22-Cer, C22_1-Cer, C24-Cer, C24_1-Cer, C26-Cer, C26_1-Cer, dhC16-Cer, dhSph, dhSph-1P, Sph, Sph-1P, 13C16-Cer_IS, 17C-Sph_IS, 17C-Sph1P_IS, 17C16-Cer_IS, 17C24_1-Cer-IS, C17-Cer_IS
INFO [2017-11-20 01:06:09] 392: SETTING FILE OPTIONS
INFO [2017-11-20 01:06:10] 392: SETTING FILE OPTIONS
INFO [2017-11-20 01:06:10] START applyRowColumnFilters:  59 1 1 1 1 DIM(d) 59, 19
INFO [2017-11-20 01:06:10] END applyRowColumnFilters:  1 1 1 1 DIM(d) 59, 19
INFO [2017-11-20 01:06:10] START applyRowColumnFilters:  59 1 1 1 1 DIM(d) 59, 19
INFO [2017-11-20 01:06:10] END applyRowColumnFilters:  1 1 1 1 DIM(d) 59, 19
INFO [2017-11-20 01:06:47] NA
INFO [2017-11-20 01:06:55] START applyRowColumnFilters:  59 5 1 1 1 DIM(d) 59, 19
INFO [2017-11-20 01:06:55] END applyRowColumnFilters:  5 1 1 1 DIM(d) 55, 19
INFO [2017-11-20 01:06:56] NA
INFO [2017-11-20 01:06:57] START applyRowColumnFilters:  59 5 1 2 1 DIM(d) 59, 19
INFO [2017-11-20 01:06:57] END applyRowColumnFilters:  5 1 2 1 DIM(d) 55, 19
INFO [2017-11-20 01:06:58] NA
INFO [2017-11-20 01:07:00] START applyRowColumnFilters:  59 5 1 41 1 DIM(d) 59, 19
INFO [2017-11-20 01:07:00] END applyRowColumnFilters:  5 1 41 1 DIM(d) 37, 19
INFO [2017-11-20 01:07:08] set data: dataframe, filename, description, availableSheets, selectedSheet
INFO [2017-11-20 01:07:08] SET DATA nrows: 37
INFO [2017-11-20 01:07:09] 392: SETTING FILE OPTIONS
INFO [2017-11-20 01:07:10] START applyRowColumnFilters:  55 5 1 41 1 DIM(d) 55, 19
INFO [2017-11-20 01:07:10] END applyRowColumnFilters:  5 1 41 1 DIM(d) 37, 19
INFO [2017-11-20 01:07:12] NA
INFO [2017-11-20 01:07:13] START applyRowColumnFilters:  55 5 5 41 1 DIM(d) 55, 19
INFO [2017-11-20 01:07:13] END applyRowColumnFilters:  5 5 41 1 DIM(d) 37, 5
INFO [2017-11-20 01:07:15] START applyRowColumnFilters:  55 5 5 41 10 DIM(d) 55, 19
INFO [2017-11-20 01:07:15] END applyRowColumnFilters:  5 5 41 10 DIM(d) 37, 6
INFO [2017-11-20 01:07:16] SET META DATA nrow: 37
INFO [2017-11-20 01:07:16] setting metadata() and orig_metadata()
INFO [2017-11-20 01:07:16] clearing factor info
INFO [2017-11-20 01:07:16] ok got at least one potential factor
INFO [2017-11-20 01:07:16] setDetails: all: 6 available: 0 need processing: 6
INFO [2017-11-20 01:07:16] 370: computeDisplayDetails: (of factors)
INFO [2017-11-20 01:07:16] now setting computed display detils
INFO [2017-11-20 01:07:18] fp_factorVariables
INFO [2017-11-20 01:07:20] observeEvent$lastClick median_4
INFO [2017-11-20 01:07:20] MEDIAN row median_4 row 4
INFO [2017-11-20 01:07:20] applyFactorButton: 4 tp median
INFO [2017-11-20 01:10:14] starting server
INFO [2017-11-20 01:10:14] finished loading data
INFO [2017-11-20 01:10:20] userFile: xlsx SphCer_98818_.xlsx
INFO [2017-11-20 01:10:20] 392: SETTING FILE OPTIONS
INFO [2017-11-20 01:10:20] 215: availableSheets Summary, C14-Cer, C16-Cer, C18-Cer, C18_1-Cer, C20-Cer, C20_1-Cer, C20_4-Cer, C22-Cer, C22_1-Cer, C24-Cer, C24_1-Cer, C26-Cer, C26_1-Cer, dhC16-Cer, dhSph, dhSph-1P, Sph, Sph-1P, 13C16-Cer_IS, 17C-Sph_IS, 17C-Sph1P_IS, 17C16-Cer_IS, 17C24_1-Cer-IS, C17-Cer_IS
INFO [2017-11-20 01:10:21] 392: SETTING FILE OPTIONS
INFO [2017-11-20 01:10:21] START applyRowColumnFilters:  59 1 1 1 1 DIM(d) 59, 19
INFO [2017-11-20 01:10:21] END applyRowColumnFilters:  1 1 1 1 DIM(d) 59, 19
INFO [2017-11-20 01:10:21] START applyRowColumnFilters:  59 1 1 1 1 DIM(d) 59, 19
INFO [2017-11-20 01:10:21] END applyRowColumnFilters:  1 1 1 1 DIM(d) 59, 19
INFO [2017-11-20 01:10:25] START applyRowColumnFilters:  59 5 1 1 1 DIM(d) 59, 19
INFO [2017-11-20 01:10:25] END applyRowColumnFilters:  5 1 1 1 DIM(d) 55, 19
INFO [2017-11-20 01:10:26] NA
INFO [2017-11-20 01:10:27] START applyRowColumnFilters:  59 5 1 21 1 DIM(d) 59, 19
INFO [2017-11-20 01:10:27] END applyRowColumnFilters:  5 1 21 1 DIM(d) 17, 19
INFO [2017-11-20 01:10:28] set data: dataframe, filename, description, availableSheets, selectedSheet
INFO [2017-11-20 01:10:28] SET DATA nrows: 17
INFO [2017-11-20 01:10:30] 392: SETTING FILE OPTIONS
INFO [2017-11-20 01:10:30] START applyRowColumnFilters:  55 5 1 21 1 DIM(d) 55, 19
INFO [2017-11-20 01:10:30] END applyRowColumnFilters:  5 1 21 1 DIM(d) 17, 19
INFO [2017-11-20 01:10:32] START applyRowColumnFilters:  55 5 5 21 1 DIM(d) 55, 19
INFO [2017-11-20 01:10:32] END applyRowColumnFilters:  5 5 21 1 DIM(d) 17, 5
INFO [2017-11-20 01:10:34] START applyRowColumnFilters:  55 5 5 21 10 DIM(d) 55, 19
INFO [2017-11-20 01:10:34] END applyRowColumnFilters:  5 5 21 10 DIM(d) 17, 6
INFO [2017-11-20 01:10:35] SET META DATA nrow: 17
INFO [2017-11-20 01:10:35] setting metadata() and orig_metadata()
INFO [2017-11-20 01:10:35] clearing factor info
INFO [2017-11-20 01:10:35] ok got at least one potential factor
INFO [2017-11-20 01:10:35] setDetails: all: 6 available: 0 need processing: 6
INFO [2017-11-20 01:10:35] 370: computeDisplayDetails: (of factors)
INFO [2017-11-20 01:10:35] now setting computed display detils
INFO [2017-11-20 01:10:39] fp_factorVariables
INFO [2017-11-20 01:10:44] observeEvent$lastClick median_4
INFO [2017-11-20 01:10:44] MEDIAN row median_4 row 4
INFO [2017-11-20 01:10:44] applyFactorButton: 4 tp median
INFO [2017-11-20 01:13:45] starting server
INFO [2017-11-20 01:13:45] finished loading data
INFO [2017-11-20 01:13:50] userFile: xlsx SphCer_98818_.xlsx
INFO [2017-11-20 01:13:50] 392: SETTING FILE OPTIONS
INFO [2017-11-20 01:13:50] 215: availableSheets Summary, C14-Cer, C16-Cer, C18-Cer, C18_1-Cer, C20-Cer, C20_1-Cer, C20_4-Cer, C22-Cer, C22_1-Cer, C24-Cer, C24_1-Cer, C26-Cer, C26_1-Cer, dhC16-Cer, dhSph, dhSph-1P, Sph, Sph-1P, 13C16-Cer_IS, 17C-Sph_IS, 17C-Sph1P_IS, 17C16-Cer_IS, 17C24_1-Cer-IS, C17-Cer_IS
INFO [2017-11-20 01:13:50] 392: SETTING FILE OPTIONS
INFO [2017-11-20 01:13:50] START applyRowColumnFilters:  59 1 1 1 1 DIM(d) 59, 19
INFO [2017-11-20 01:13:50] END applyRowColumnFilters:  1 1 1 1 DIM(d) 59, 19
INFO [2017-11-20 01:13:50] START applyRowColumnFilters:  59 1 1 1 1 DIM(d) 59, 19
INFO [2017-11-20 01:13:50] END applyRowColumnFilters:  1 1 1 1 DIM(d) 59, 19
INFO [2017-11-20 01:13:53] NA
INFO [2017-11-20 01:13:53] START applyRowColumnFilters:  59 5 1 1 1 DIM(d) 59, 19
INFO [2017-11-20 01:13:53] END applyRowColumnFilters:  5 1 1 1 DIM(d) 55, 19
INFO [2017-11-20 01:13:55] NA
INFO [2017-11-20 01:13:55] START applyRowColumnFilters:  59 5 1 21 1 DIM(d) 59, 19
INFO [2017-11-20 01:13:55] END applyRowColumnFilters:  5 1 21 1 DIM(d) 17, 19
INFO [2017-11-20 01:13:57] START applyRowColumnFilters:  59 5 1 41 1 DIM(d) 59, 19
INFO [2017-11-20 01:13:57] END applyRowColumnFilters:  5 1 41 1 DIM(d) 37, 19
INFO [2017-11-20 01:13:59] set data: dataframe, filename, description, availableSheets, selectedSheet
INFO [2017-11-20 01:13:59] SET DATA nrows: 37
INFO [2017-11-20 01:14:03] START applyRowColumnFilters:  59 5 5 41 1 DIM(d) 59, 19
INFO [2017-11-20 01:14:03] END applyRowColumnFilters:  5 5 41 1 DIM(d) 37, 5
INFO [2017-11-20 01:16:21] START applyRowColumnFilters:  59 5 5 41 10 DIM(d) 59, 19
INFO [2017-11-20 01:16:21] END applyRowColumnFilters:  5 5 41 10 DIM(d) 37, 6
INFO [2017-11-20 01:16:25] 392: SETTING FILE OPTIONS
INFO [2017-11-20 01:16:25] START applyRowColumnFilters:  55 5 5 41 10 DIM(d) 55, 19
INFO [2017-11-20 01:16:25] END applyRowColumnFilters:  5 5 41 10 DIM(d) 37, 6
INFO [2017-11-20 01:16:30] SET META DATA nrow: 37
INFO [2017-11-20 01:16:30] setting metadata() and orig_metadata()
INFO [2017-11-20 01:16:30] clearing factor info
INFO [2017-11-20 01:16:30] ok got at least one potential factor
INFO [2017-11-20 01:16:30] setDetails: all: 6 available: 0 need processing: 6
INFO [2017-11-20 01:16:30] 370: computeDisplayDetails: (of factors)
INFO [2017-11-20 01:16:30] now setting computed display detils
INFO [2017-11-20 01:16:33] fp_factorVariables
INFO [2017-11-20 01:16:38] observeEvent$lastClick median_4
INFO [2017-11-20 01:16:39] MEDIAN row median_4 row 4
INFO [2017-11-20 01:16:39] applyFactorButton: 4 tp median
INFO [2017-11-20 01:17:18] UPDATING computedDetails
INFO [2017-11-20 01:17:18] setDetails: all: 6 available: 0 need processing: 6
INFO [2017-11-20 01:17:18] fp_factorVariables
INFO [2017-11-20 01:18:01] GROUP FACTOR DISPLAY DETAILS
INFO [2017-11-20 01:26:37] starting server
INFO [2017-11-20 01:26:38] finished loading data
INFO [2017-11-20 01:26:45] userFile: xlsx SphCer_98818_.xlsx
INFO [2017-11-20 01:26:45] 392: SETTING FILE OPTIONS
INFO [2017-11-20 01:26:45] 215: availableSheets Summary, C14-Cer, C16-Cer, C18-Cer, C18_1-Cer, C20-Cer, C20_1-Cer, C20_4-Cer, C22-Cer, C22_1-Cer, C24-Cer, C24_1-Cer, C26-Cer, C26_1-Cer, dhC16-Cer, dhSph, dhSph-1P, Sph, Sph-1P, 13C16-Cer_IS, 17C-Sph_IS, 17C-Sph1P_IS, 17C16-Cer_IS, 17C24_1-Cer-IS, C17-Cer_IS
INFO [2017-11-20 01:26:45] 392: SETTING FILE OPTIONS
INFO [2017-11-20 01:26:45] START applyRowColumnFilters:  59 1 1 1 1 DIM(d) 59, 19
INFO [2017-11-20 01:26:45] END applyRowColumnFilters:  1 1 1 1 DIM(d) 59, 19
INFO [2017-11-20 01:26:45] START applyRowColumnFilters:  59 1 1 1 1 DIM(d) 59, 19
INFO [2017-11-20 01:26:45] END applyRowColumnFilters:  1 1 1 1 DIM(d) 59, 19
INFO [2017-11-20 01:26:48] START applyRowColumnFilters:  59 5 1 1 1 DIM(d) 59, 19
INFO [2017-11-20 01:26:48] END applyRowColumnFilters:  5 1 1 1 DIM(d) 55, 19
INFO [2017-11-20 01:26:50] NA
INFO [2017-11-20 01:26:50] START applyRowColumnFilters:  59 5 1 41 1 DIM(d) 59, 19
INFO [2017-11-20 01:26:50] END applyRowColumnFilters:  5 1 41 1 DIM(d) 37, 19
INFO [2017-11-20 01:26:53] set data: dataframe, filename, description, availableSheets, selectedSheet
INFO [2017-11-20 01:26:53] SET DATA nrows: 37
INFO [2017-11-20 01:26:55] 392: SETTING FILE OPTIONS
INFO [2017-11-20 01:26:55] START applyRowColumnFilters:  55 5 1 41 1 DIM(d) 55, 19
INFO [2017-11-20 01:26:55] END applyRowColumnFilters:  5 1 41 1 DIM(d) 37, 19
INFO [2017-11-20 01:26:58] START applyRowColumnFilters:  55 5 5 41 1 DIM(d) 55, 19
INFO [2017-11-20 01:26:58] END applyRowColumnFilters:  5 5 41 1 DIM(d) 37, 5
INFO [2017-11-20 01:27:00] START applyRowColumnFilters:  55 5 5 41 10 DIM(d) 55, 19
INFO [2017-11-20 01:27:00] END applyRowColumnFilters:  5 5 41 10 DIM(d) 37, 6
INFO [2017-11-20 01:27:01] SET META DATA nrow: 37
INFO [2017-11-20 01:27:01] setting metadata() and orig_metadata()
INFO [2017-11-20 01:27:01] clearing factor info
INFO [2017-11-20 01:27:01] ok got at least one potential factor
INFO [2017-11-20 01:27:02] setDetails: all: 6 available: 0 need processing: 6
INFO [2017-11-20 01:27:02] 370: computeDisplayDetails: (of factors)
INFO [2017-11-20 01:27:02] now setting computed display detils
INFO [2017-11-20 01:27:05] fp_factorVariables
INFO [2017-11-20 01:27:07] observeEvent$lastClick median_4
INFO [2017-11-20 01:27:07] MEDIAN row median_4 row 4
INFO [2017-11-20 01:27:07] applyFactorButton: 4 tp median
INFO [2017-11-20 01:27:07] UPDATING computedDetails
INFO [2017-11-20 01:27:07] setDetails: all: 6 available: 0 need processing: 6
INFO [2017-11-20 01:27:07] fp_factorVariables
INFO [2017-11-20 01:30:20] GROUP FACTOR DISPLAY DETAILS
INFO [2017-11-20 01:30:23] START applyRowColumnFilters:  55 5 5 41 10 DIM(d) 55, 19
INFO [2017-11-20 01:30:23] END applyRowColumnFilters:  5 5 41 10 DIM(d) 37, 6
INFO [2017-11-20 02:08:05] starting server
INFO [2017-11-20 02:08:05] finished loading data
INFO [2017-11-20 02:08:13] userFile: xlsx SphCer_98818_.xlsx
INFO [2017-11-20 02:08:13] 392: SETTING FILE OPTIONS
INFO [2017-11-20 02:08:13] 215: availableSheets Summary, C14-Cer, C16-Cer, C18-Cer, C18_1-Cer, C20-Cer, C20_1-Cer, C20_4-Cer, C22-Cer, C22_1-Cer, C24-Cer, C24_1-Cer, C26-Cer, C26_1-Cer, dhC16-Cer, dhSph, dhSph-1P, Sph, Sph-1P, 13C16-Cer_IS, 17C-Sph_IS, 17C-Sph1P_IS, 17C16-Cer_IS, 17C24_1-Cer-IS, C17-Cer_IS
INFO [2017-11-20 02:08:13] 392: SETTING FILE OPTIONS
INFO [2017-11-20 02:08:13] START applyRowColumnFilters:  59 1 1 1 1 DIM(d) 59, 19
INFO [2017-11-20 02:08:13] END applyRowColumnFilters:  1 1 1 1 DIM(d) 59, 19
INFO [2017-11-20 02:08:13] START applyRowColumnFilters:  59 1 1 1 1 DIM(d) 59, 19
INFO [2017-11-20 02:08:13] END applyRowColumnFilters:  1 1 1 1 DIM(d) 59, 19
INFO [2017-11-20 02:08:17] START applyRowColumnFilters:  59 1 1 4 1 DIM(d) 59, 19
INFO [2017-11-20 02:08:17] END applyRowColumnFilters:  1 1 4 1 DIM(d) 4, 19
INFO [2017-11-20 02:08:17] START applyRowColumnFilters:  59 1 1 41 1 DIM(d) 59, 19
INFO [2017-11-20 02:08:17] END applyRowColumnFilters:  1 1 41 1 DIM(d) 41, 19
INFO [2017-11-20 02:08:19] NA
INFO [2017-11-20 02:08:20] START applyRowColumnFilters:  59 5 1 41 1 DIM(d) 59, 19
INFO [2017-11-20 02:08:20] END applyRowColumnFilters:  5 1 41 1 DIM(d) 37, 19
INFO [2017-11-20 02:08:21] set data: dataframe, filename, description, availableSheets, selectedSheet
INFO [2017-11-20 02:08:21] SET DATA nrows: 37
INFO [2017-11-20 02:08:23] 392: SETTING FILE OPTIONS
INFO [2017-11-20 02:08:23] START applyRowColumnFilters:  55 5 1 41 1 DIM(d) 55, 19
INFO [2017-11-20 02:08:23] END applyRowColumnFilters:  5 1 41 1 DIM(d) 37, 19
INFO [2017-11-20 02:08:25] START applyRowColumnFilters:  55 5 5 41 1 DIM(d) 55, 19
INFO [2017-11-20 02:08:25] END applyRowColumnFilters:  5 5 41 1 DIM(d) 37, 5
INFO [2017-11-20 02:08:26] START applyRowColumnFilters:  55 5 5 41 10 DIM(d) 55, 19
INFO [2017-11-20 02:08:26] END applyRowColumnFilters:  5 5 41 10 DIM(d) 37, 6
INFO [2017-11-20 02:08:27] SET META DATA nrow: 37
INFO [2017-11-20 02:08:27] setting metadata() and orig_metadata()
INFO [2017-11-20 02:08:27] clearing factor info
INFO [2017-11-20 02:08:27] ok got at least one potential factor
INFO [2017-11-20 02:08:27] setDetails: all: 6 available: 0 need processing: 6
INFO [2017-11-20 02:08:27] 370: computeDisplayDetails: (of factors)
INFO [2017-11-20 02:08:27] now setting computed display detils
INFO [2017-11-20 02:08:29] fp_factorVariables
INFO [2017-11-20 02:08:33] observeEvent$lastClick median_4
INFO [2017-11-20 02:08:33] MEDIAN row median_4 row 4
INFO [2017-11-20 02:08:33] applyFactorButton: 4 tp median
INFO [2017-11-20 02:08:33] UPDATING computedDetails
INFO [2017-11-20 02:08:33] setDetails: all: 6 available: 0 need processing: 6
INFO [2017-11-20 02:08:33] fp_factorVariables
INFO [2017-11-20 02:11:05] starting server
INFO [2017-11-20 02:11:05] finished loading data
INFO [2017-11-20 02:11:11] userFile: xlsx SphCer_98818_.xlsx
INFO [2017-11-20 02:11:11] 392: SETTING FILE OPTIONS
INFO [2017-11-20 02:11:11] 215: availableSheets Summary, C14-Cer, C16-Cer, C18-Cer, C18_1-Cer, C20-Cer, C20_1-Cer, C20_4-Cer, C22-Cer, C22_1-Cer, C24-Cer, C24_1-Cer, C26-Cer, C26_1-Cer, dhC16-Cer, dhSph, dhSph-1P, Sph, Sph-1P, 13C16-Cer_IS, 17C-Sph_IS, 17C-Sph1P_IS, 17C16-Cer_IS, 17C24_1-Cer-IS, C17-Cer_IS
INFO [2017-11-20 02:11:11] 392: SETTING FILE OPTIONS
INFO [2017-11-20 02:11:12] START applyRowColumnFilters:  59 1 1 1 1 DIM(d) 59, 19
INFO [2017-11-20 02:11:12] END applyRowColumnFilters:  1 1 1 1 DIM(d) 59, 19
INFO [2017-11-20 02:11:12] START applyRowColumnFilters:  59 1 1 1 1 DIM(d) 59, 19
INFO [2017-11-20 02:11:12] END applyRowColumnFilters:  1 1 1 1 DIM(d) 59, 19
INFO [2017-11-20 02:11:15] START applyRowColumnFilters:  59 5 1 1 1 DIM(d) 59, 19
INFO [2017-11-20 02:11:15] END applyRowColumnFilters:  5 1 1 1 DIM(d) 55, 19
INFO [2017-11-20 02:11:16] NA
INFO [2017-11-20 02:11:17] START applyRowColumnFilters:  59 5 1 41 1 DIM(d) 59, 19
INFO [2017-11-20 02:11:17] END applyRowColumnFilters:  5 1 41 1 DIM(d) 37, 19
INFO [2017-11-20 02:11:19] set data: dataframe, filename, description, availableSheets, selectedSheet
INFO [2017-11-20 02:11:19] SET DATA nrows: 37
INFO [2017-11-20 02:11:21] 392: SETTING FILE OPTIONS
INFO [2017-11-20 02:11:21] START applyRowColumnFilters:  55 5 1 41 1 DIM(d) 55, 19
INFO [2017-11-20 02:11:21] END applyRowColumnFilters:  5 1 41 1 DIM(d) 37, 19
INFO [2017-11-20 02:11:23] START applyRowColumnFilters:  55 5 5 41 1 DIM(d) 55, 19
INFO [2017-11-20 02:11:23] END applyRowColumnFilters:  5 5 41 1 DIM(d) 37, 5
INFO [2017-11-20 02:11:25] START applyRowColumnFilters:  55 5 5 41 10 DIM(d) 55, 19
INFO [2017-11-20 02:11:25] END applyRowColumnFilters:  5 5 41 10 DIM(d) 37, 6
INFO [2017-11-20 02:11:26] SET META DATA nrow: 37
INFO [2017-11-20 02:11:26] setting metadata() and orig_metadata()
INFO [2017-11-20 02:11:26] clearing factor info
INFO [2017-11-20 02:11:26] ok got at least one potential factor
INFO [2017-11-20 02:11:26] setDetails: all: 6 available: 0 need processing: 6
INFO [2017-11-20 02:11:26] 370: computeDisplayDetails: (of factors)
INFO [2017-11-20 02:11:26] now setting computed display detils
INFO [2017-11-20 02:11:29] fp_factorVariables
INFO [2017-11-20 02:11:31] observeEvent$lastClick median_3
INFO [2017-11-20 02:11:31] MEDIAN row median_3 row 3
INFO [2017-11-20 02:11:31] applyFactorButton: 3 tp median
INFO [2017-11-20 02:11:31] UPDATING computedDetails
INFO [2017-11-20 02:11:31] setDetails: all: 6 available: 1 need processing: 5
INFO [2017-11-20 02:11:31] fp_factorVariables
INFO [2017-11-20 02:11:35] observeEvent$lastClick mean_4
INFO [2017-11-20 02:11:35] MEAN row mean_4 row 4
INFO [2017-11-20 02:11:35] applyFactorButton: 4 tp mean
INFO [2017-11-20 02:11:35] UPDATING computedDetails
INFO [2017-11-20 02:11:35] setDetails: all: 6 available: 1 need processing: 5
INFO [2017-11-20 02:11:35] fp_factorVariables
INFO [2017-11-20 02:11:42] observeEvent$lastClick median_5
INFO [2017-11-20 02:11:42] MEDIAN row median_5 row 5
INFO [2017-11-20 02:11:42] applyFactorButton: 5 tp median
INFO [2017-11-20 02:11:42] UPDATING computedDetails
INFO [2017-11-20 02:11:42] setDetails: all: 6 available: 2 need processing: 4
INFO [2017-11-20 02:11:42] fp_factorVariables
INFO [2017-11-20 02:11:46] observeEvent$lastClick mean_1
INFO [2017-11-20 02:11:46] MEAN row mean_1 row 1
INFO [2017-11-20 02:11:46] applyFactorButton: 1 tp mean
INFO [2017-11-20 02:11:46] UPDATING computedDetails
INFO [2017-11-20 02:11:46] setDetails: all: 6 available: 3 need processing: 3
INFO [2017-11-20 02:11:46] fp_factorVariables
INFO [2017-11-20 02:12:04] selected factor: [X__5]
INFO [2017-11-20 02:12:04] 64: baseFilteredData: selected Factor: 37 method fdr tft dim 37 , 19
INFO [2017-11-20 02:12:04] 72: baseFilteredData otut dim 37 , 19
INFO [2017-11-20 02:12:04] 21: helper, dimension check passed
INFO [2017-11-20 02:12:05] 22: helper, length(fdata)37
INFO [2017-11-20 02:12:05] 22: helper, length(fdata)37, 19
INFO [2017-11-20 02:12:10] 64: baseFilteredData: selected Factor: 37 method fdr tft dim 37 , 19
INFO [2017-11-20 02:12:10] 72: baseFilteredData otut dim 37 , 19
INFO [2017-11-20 02:12:10] 21: helper, dimension check passed
INFO [2017-11-20 02:12:10] 22: helper, length(fdata)37
INFO [2017-11-20 02:12:10] 22: helper, length(fdata)37, 19
INFO [2017-11-20 02:12:12] selected factor: [X__7]
INFO [2017-11-20 02:12:12] 64: baseFilteredData: selected Factor: 37 method fdr tft dim 37 , 19
INFO [2017-11-20 02:12:12] 72: baseFilteredData otut dim 37 , 19
INFO [2017-11-20 02:12:12] 21: helper, dimension check passed
INFO [2017-11-20 02:12:12] 22: helper, length(fdata)37
INFO [2017-11-20 02:12:12] 22: helper, length(fdata)37, 19
INFO [2017-11-20 02:12:14] selected factor: [X__9]
INFO [2017-11-20 02:12:14] 64: baseFilteredData: selected Factor: 37 method fdr tft dim 37 , 19
INFO [2017-11-20 02:12:14] 72: baseFilteredData otut dim 37 , 19
INFO [2017-11-20 02:12:14] 21: helper, dimension check passed
INFO [2017-11-20 02:12:14] 22: helper, length(fdata)37
INFO [2017-11-20 02:12:14] 22: helper, length(fdata)37, 19
INFO [2017-11-20 02:17:48] starting server
INFO [2017-11-20 02:17:48] finished loading data
INFO [2017-11-20 02:18:01] userFile: xlsx SphCer_98818_.xlsx
INFO [2017-11-20 02:18:01] 392: SETTING FILE OPTIONS
INFO [2017-11-20 02:18:01] 215: availableSheets Summary, C14-Cer, C16-Cer, C18-Cer, C18_1-Cer, C20-Cer, C20_1-Cer, C20_4-Cer, C22-Cer, C22_1-Cer, C24-Cer, C24_1-Cer, C26-Cer, C26_1-Cer, dhC16-Cer, dhSph, dhSph-1P, Sph, Sph-1P, 13C16-Cer_IS, 17C-Sph_IS, 17C-Sph1P_IS, 17C16-Cer_IS, 17C24_1-Cer-IS, C17-Cer_IS
INFO [2017-11-20 02:18:01] 392: SETTING FILE OPTIONS
INFO [2017-11-20 02:18:02] START applyRowColumnFilters:  59 1 1 1 1 DIM(d) 59, 19
INFO [2017-11-20 02:18:02] END applyRowColumnFilters:  1 1 1 1 DIM(d) 59, 19
INFO [2017-11-20 02:18:02] START applyRowColumnFilters:  59 1 1 1 1 DIM(d) 59, 19
INFO [2017-11-20 02:18:02] END applyRowColumnFilters:  1 1 1 1 DIM(d) 59, 19
INFO [2017-11-20 02:18:05] START applyRowColumnFilters:  59 5 1 1 1 DIM(d) 59, 19
INFO [2017-11-20 02:18:05] END applyRowColumnFilters:  5 1 1 1 DIM(d) 55, 19
INFO [2017-11-20 02:18:06] NA
INFO [2017-11-20 02:18:07] START applyRowColumnFilters:  59 5 1 41 1 DIM(d) 59, 19
INFO [2017-11-20 02:18:07] END applyRowColumnFilters:  5 1 41 1 DIM(d) 37, 19
INFO [2017-11-20 02:18:09] set data: dataframe, filename, description, availableSheets, selectedSheet
INFO [2017-11-20 02:18:09] SET DATA nrows: 37
INFO [2017-11-20 02:18:11] 392: SETTING FILE OPTIONS
INFO [2017-11-20 02:18:11] START applyRowColumnFilters:  55 5 1 41 1 DIM(d) 55, 19
INFO [2017-11-20 02:18:11] END applyRowColumnFilters:  5 1 41 1 DIM(d) 37, 19
INFO [2017-11-20 02:18:13] NA
INFO [2017-11-20 02:18:13] START applyRowColumnFilters:  55 5 5 41 1 DIM(d) 55, 19
INFO [2017-11-20 02:18:13] END applyRowColumnFilters:  5 5 41 1 DIM(d) 37, 5
INFO [2017-11-20 02:18:15] START applyRowColumnFilters:  55 5 5 41 10 DIM(d) 55, 19
INFO [2017-11-20 02:18:15] END applyRowColumnFilters:  5 5 41 10 DIM(d) 37, 6
INFO [2017-11-20 02:18:16] SET META DATA nrow: 37
INFO [2017-11-20 02:18:16] setting metadata() and orig_metadata()
INFO [2017-11-20 02:18:16] clearing factor info
INFO [2017-11-20 02:18:16] ok got at least one potential factor
INFO [2017-11-20 02:18:16] setDetails: all: 6 available: 0 need processing: 6
INFO [2017-11-20 02:18:16] 370: computeDisplayDetails: (of factors)
INFO [2017-11-20 02:18:16] now setting computed display detils
INFO [2017-11-20 02:18:18] fp_factorVariables
INFO [2017-11-20 02:18:21] observeEvent$lastClick median_1
INFO [2017-11-20 02:18:21] MEDIAN row median_1 row 1
INFO [2017-11-20 02:18:21] applyFactorButton: 1 tp median
INFO [2017-11-20 02:18:21] UPDATING computedDetails
INFO [2017-11-20 02:18:21] setDetails: all: 6 available: 1 need processing: 5
INFO [2017-11-20 02:18:21] fp_factorVariables
INFO [2017-11-20 02:18:24] observeEvent$lastClick mean_2
INFO [2017-11-20 02:18:24] MEAN row mean_2 row 2
INFO [2017-11-20 02:18:24] applyFactorButton: 2 tp mean
INFO [2017-11-20 02:18:24] UPDATING computedDetails
INFO [2017-11-20 02:18:24] setDetails: all: 6 available: 2 need processing: 4
INFO [2017-11-20 02:18:24] fp_factorVariables
INFO [2017-11-20 02:18:33] observeEvent$lastClick median_4
INFO [2017-11-20 02:18:33] MEDIAN row median_4 row 4
INFO [2017-11-20 02:18:33] applyFactorButton: 4 tp median
INFO [2017-11-20 02:18:33] UPDATING computedDetails
INFO [2017-11-20 02:18:33] setDetails: all: 6 available: 2 need processing: 4
INFO [2017-11-20 02:18:33] fp_factorVariables
INFO [2017-11-20 02:18:42] observeEvent$lastClick mean_3
INFO [2017-11-20 02:18:42] MEAN row mean_3 row 3
INFO [2017-11-20 02:18:42] applyFactorButton: 3 tp mean
INFO [2017-11-20 02:18:42] UPDATING computedDetails
INFO [2017-11-20 02:18:42] setDetails: all: 6 available: 3 need processing: 3
INFO [2017-11-20 02:18:42] fp_factorVariables
INFO [2017-11-20 02:18:44] selected factor: [X__5]
INFO [2017-11-20 02:18:44] 64: baseFilteredData: selected Factor: 37 method fdr tft dim 37 , 19
INFO [2017-11-20 02:18:44] 72: baseFilteredData otut dim 37 , 19
INFO [2017-11-20 02:18:44] 21: helper, dimension check passed
INFO [2017-11-20 02:18:44] 22: helper, length(fdata)37
INFO [2017-11-20 02:18:44] 22: helper, length(fdata)37, 19
INFO [2017-11-20 02:20:50] starting server
INFO [2017-11-20 02:20:51] finished loading data
INFO [2017-11-20 02:20:58] userFile: xlsx SphCer_98818_.xlsx
INFO [2017-11-20 02:20:58] 215: availableSheets Summary, C14-Cer, C16-Cer, C18-Cer, C18_1-Cer, C20-Cer, C20_1-Cer, C20_4-Cer, C22-Cer, C22_1-Cer, C24-Cer, C24_1-Cer, C26-Cer, C26_1-Cer, dhC16-Cer, dhSph, dhSph-1P, Sph, Sph-1P, 13C16-Cer_IS, 17C-Sph_IS, 17C-Sph1P_IS, 17C16-Cer_IS, 17C24_1-Cer-IS, C17-Cer_IS
INFO [2017-11-20 02:20:58] 392: SETTING FILE OPTIONS
INFO [2017-11-20 02:20:58] 392: SETTING FILE OPTIONS
INFO [2017-11-20 02:20:58] START applyRowColumnFilters:  59 1 1 1 1 DIM(d) 59, 19
INFO [2017-11-20 02:20:58] END applyRowColumnFilters:  1 1 1 1 DIM(d) 59, 19
INFO [2017-11-20 02:20:58] START applyRowColumnFilters:  59 1 1 1 1 DIM(d) 59, 19
INFO [2017-11-20 02:20:58] END applyRowColumnFilters:  1 1 1 1 DIM(d) 59, 19
INFO [2017-11-20 02:21:01] NA
ERROR [2017-11-20 02:21:01] HEY ERROR
ERROR [2017-11-20 02:21:01] WARNING: Error in if ((endRow > startRow) && (endRow <= nrow(d))) {: missing value where TRUE/FALSE needed

INFO [2017-11-20 02:21:01] START applyRowColumnFilters:  59 5 1 1 1 DIM(d) 59, 19
INFO [2017-11-20 02:21:01] END applyRowColumnFilters:  5 1 1 1 DIM(d) 55, 19
INFO [2017-11-20 02:21:03] START applyRowColumnFilters:  59 5 1 41 1 DIM(d) 59, 19
INFO [2017-11-20 02:21:03] END applyRowColumnFilters:  5 1 41 1 DIM(d) 37, 19
INFO [2017-11-20 02:21:07] set data: dataframe, filename, description, availableSheets, selectedSheet
INFO [2017-11-20 02:21:07] SET DATA nrows: 37
INFO [2017-11-20 02:21:10] 392: SETTING FILE OPTIONS
INFO [2017-11-20 02:21:10] START applyRowColumnFilters:  55 5 1 41 1 DIM(d) 55, 19
INFO [2017-11-20 02:21:10] END applyRowColumnFilters:  5 1 41 1 DIM(d) 37, 19
INFO [2017-11-20 02:21:12] NA
ERROR [2017-11-20 02:21:12] HEY ERROR
ERROR [2017-11-20 02:21:12] WARNING: Error in if (endCol > startCol && endCol <= ncol(d)) {: missing value where TRUE/FALSE needed

INFO [2017-11-20 02:21:12] START applyRowColumnFilters:  55 5 5 41 1 DIM(d) 55, 19
INFO [2017-11-20 02:21:12] END applyRowColumnFilters:  5 5 41 1 DIM(d) 37, 5
INFO [2017-11-20 02:21:14] START applyRowColumnFilters:  55 5 5 41 10 DIM(d) 55, 19
INFO [2017-11-20 02:21:14] END applyRowColumnFilters:  5 5 41 10 DIM(d) 37, 6
INFO [2017-11-20 02:21:16] SET META DATA nrow: 37
INFO [2017-11-20 02:21:16] setting metadata() and orig_metadata()
INFO [2017-11-20 02:21:16] clearing factor info
INFO [2017-11-20 02:21:16] ok got at least one potential factor
INFO [2017-11-20 02:21:16] setDetails: all: 6 available: 0 need processing: 6
INFO [2017-11-20 02:21:16] 370: computeDisplayDetails: (of factors)
INFO [2017-11-20 02:21:16] now setting computed display detils
INFO [2017-11-20 02:21:18] fp_factorVariables
INFO [2017-11-20 02:21:20] observeEvent$lastClick median_3
INFO [2017-11-20 02:21:20] MEDIAN row median_3 row 3
INFO [2017-11-20 02:21:20] applyFactorButton: 3 tp median
INFO [2017-11-20 02:21:20] UPDATING computedDetails
INFO [2017-11-20 02:21:20] setDetails: all: 6 available: 1 need processing: 5
INFO [2017-11-20 02:21:20] fp_factorVariables
INFO [2017-11-20 02:21:24] observeEvent$lastClick median_4
INFO [2017-11-20 02:21:24] MEDIAN row median_4 row 4
INFO [2017-11-20 02:21:24] applyFactorButton: 4 tp median
INFO [2017-11-20 02:21:24] UPDATING computedDetails
INFO [2017-11-20 02:21:24] setDetails: all: 6 available: 1 need processing: 5
INFO [2017-11-20 02:21:24] fp_factorVariables
INFO [2017-11-20 02:21:30] observeEvent$lastClick mean_4
INFO [2017-11-20 02:21:30] MEAN row mean_4 row 4
INFO [2017-11-20 02:21:30] applyFactorButton: 4 tp mean
INFO [2017-11-20 02:21:30] UPDATING computedDetails
INFO [2017-11-20 02:21:30] setDetails: all: 6 available: 1 need processing: 5
INFO [2017-11-20 02:21:30] fp_factorVariables
INFO [2017-11-20 02:21:36] observeEvent$lastClick median_5
INFO [2017-11-20 02:21:36] MEDIAN row median_5 row 5
INFO [2017-11-20 02:21:36] applyFactorButton: 5 tp median
INFO [2017-11-20 02:21:36] UPDATING computedDetails
INFO [2017-11-20 02:21:36] setDetails: all: 6 available: 2 need processing: 4
INFO [2017-11-20 02:21:36] fp_factorVariables
INFO [2017-11-20 02:21:45] observeEvent$lastClick median_4
INFO [2017-11-20 02:21:45] MEDIAN row median_4 row 4
INFO [2017-11-20 02:21:45] applyFactorButton: 4 tp median
INFO [2017-11-20 02:21:45] UPDATING computedDetails
INFO [2017-11-20 02:21:45] setDetails: all: 6 available: 2 need processing: 4
INFO [2017-11-20 02:21:45] fp_factorVariables
INFO [2017-11-20 02:21:47] observeEvent$lastClick median_1
INFO [2017-11-20 02:21:47] MEDIAN row median_1 row 1
INFO [2017-11-20 02:21:47] applyFactorButton: 1 tp median
INFO [2017-11-20 02:21:47] UPDATING computedDetails
INFO [2017-11-20 02:21:47] setDetails: all: 6 available: 3 need processing: 3
INFO [2017-11-20 02:21:47] fp_factorVariables
INFO [2017-11-20 02:21:49] observeEvent$lastClick median_2
INFO [2017-11-20 02:21:49] MEDIAN row median_2 row 2
INFO [2017-11-20 02:21:49] applyFactorButton: 2 tp median
INFO [2017-11-20 02:21:49] UPDATING computedDetails
INFO [2017-11-20 02:21:49] setDetails: all: 6 available: 4 need processing: 2
INFO [2017-11-20 02:21:49] fp_factorVariables
INFO [2017-11-20 02:21:53] observeEvent$lastClick mean_6
INFO [2017-11-20 02:21:53] MEAN row mean_6 row 6
INFO [2017-11-20 02:21:53] applyFactorButton: 6 tp mean
INFO [2017-11-20 02:21:53] UPDATING computedDetails
INFO [2017-11-20 02:21:53] setDetails: all: 6 available: 4 need processing: 2
INFO [2017-11-20 02:21:53] fp_factorVariables
INFO [2017-11-20 02:21:57] selected factor: [X__5]
INFO [2017-11-20 02:21:57] 64: baseFilteredData: selected Factor: 37 method fdr tft dim 37 , 19
INFO [2017-11-20 02:21:57] 72: baseFilteredData otut dim 37 , 19
INFO [2017-11-20 02:21:57] 21: helper, dimension check passed
INFO [2017-11-20 02:21:57] 22: helper, length(fdata)37
INFO [2017-11-20 02:21:57] 22: helper, length(fdata)37, 19
INFO [2017-11-20 02:56:02] starting server
INFO [2017-11-20 02:56:03] finished loading data
INFO [2017-11-20 02:56:09] userFile: xlsx SphCer_98818_.xlsx
INFO [2017-11-20 02:56:09] 215: availableSheets Summary, C14-Cer, C16-Cer, C18-Cer, C18_1-Cer, C20-Cer, C20_1-Cer, C20_4-Cer, C22-Cer, C22_1-Cer, C24-Cer, C24_1-Cer, C26-Cer, C26_1-Cer, dhC16-Cer, dhSph, dhSph-1P, Sph, Sph-1P, 13C16-Cer_IS, 17C-Sph_IS, 17C-Sph1P_IS, 17C16-Cer_IS, 17C24_1-Cer-IS, C17-Cer_IS
INFO [2017-11-20 02:56:09] 392: SETTING FILE OPTIONS
INFO [2017-11-20 02:56:09] 392: SETTING FILE OPTIONS
INFO [2017-11-20 02:56:09] START applyRowColumnFilters:  59 1 1 1 1 DIM(d) 59, 19
INFO [2017-11-20 02:56:09] END applyRowColumnFilters:  1 1 1 1 DIM(d) 59, 19
INFO [2017-11-20 02:56:10] START applyRowColumnFilters:  59 1 1 1 1 DIM(d) 59, 19
INFO [2017-11-20 02:56:10] END applyRowColumnFilters:  1 1 1 1 DIM(d) 59, 19
INFO [2017-11-20 02:56:12] NA
ERROR [2017-11-20 02:56:12] ERROR: Error in if ((endRow > startRow) && (endRow <= nrow(d))) {: missing value where TRUE/FALSE needed

INFO [2017-11-20 02:56:13] START applyRowColumnFilters:  59 5 1 1 1 DIM(d) 59, 19
INFO [2017-11-20 02:56:13] END applyRowColumnFilters:  5 1 1 1 DIM(d) 55, 19
INFO [2017-11-20 02:56:14] START applyRowColumnFilters:  59 5 1 4 1 DIM(d) 59, 19
INFO [2017-11-20 02:56:14] END applyRowColumnFilters:  5 1 4 1 DIM(d) 55, 19
INFO [2017-11-20 02:56:15] START applyRowColumnFilters:  59 5 1 41 1 DIM(d) 59, 19
INFO [2017-11-20 02:56:15] END applyRowColumnFilters:  5 1 41 1 DIM(d) 37, 19
INFO [2017-11-20 02:56:17] set data: dataframe, filename, description, availableSheets, selectedSheet
INFO [2017-11-20 02:56:17] SET DATA nrows: 37
INFO [2017-11-20 02:56:19] START applyRowColumnFilters:  59 5 5 41 1 DIM(d) 59, 19
INFO [2017-11-20 02:56:19] END applyRowColumnFilters:  5 5 41 1 DIM(d) 37, 5
INFO [2017-11-20 02:56:21] START applyRowColumnFilters:  59 5 5 41 10 DIM(d) 59, 19
INFO [2017-11-20 02:56:21] END applyRowColumnFilters:  5 5 41 10 DIM(d) 37, 6
INFO [2017-11-20 02:56:22] SET META DATA nrow: 37
INFO [2017-11-20 02:56:22] setting metadata() and orig_metadata()
INFO [2017-11-20 02:56:22] clearing factor info
INFO [2017-11-20 02:56:22] ok got at least one potential factor
INFO [2017-11-20 02:56:22] setDetails: all: 6 available: 0 need processing: 6
INFO [2017-11-20 02:56:22] 370: computeDisplayDetails: (of factors)
INFO [2017-11-20 02:56:22] now setting computed display detils
INFO [2017-11-20 02:56:26] fp_factorVariables
INFO [2017-11-20 02:56:28] observeEvent$lastClick median_3
INFO [2017-11-20 02:56:28] MEDIAN row median_3 row 3
INFO [2017-11-20 02:56:28] applyFactorButton: 3 tp median
INFO [2017-11-20 02:56:28] UPDATING computedDetails
INFO [2017-11-20 02:56:28] setDetails: all: 6 available: 1 need processing: 5
INFO [2017-11-20 02:56:28] fp_factorVariables
INFO [2017-11-20 02:56:34] selected factor: [X__7]
INFO [2017-11-20 02:56:34] 64: baseFilteredData: selected Factor: 37 method fdr tft dim 37 , 19
INFO [2017-11-20 02:56:34] 72: baseFilteredData otut dim 37 , 19
INFO [2017-11-20 02:56:34] 21: helper, dimension check passed
INFO [2017-11-20 02:56:34] 22: helper, length(fdata)37
INFO [2017-11-20 02:56:34] 22: helper, length(fdata)37, 19
ERROR [2017-11-20 02:56:34] 113 baseFilteredData helper error Error in rcorr.cens(x, fdata): NA/NaN/Inf in foreign function call (arg 1)

INFO [2017-11-20 02:56:34] 118: baseFilteredData NULL
INFO [2017-11-20 02:56:39] 64: baseFilteredData: selected Factor: 37 method fdr tft dim 37 , 19
INFO [2017-11-20 02:56:39] 72: baseFilteredData otut dim 37 , 19
INFO [2017-11-20 02:56:39] 21: helper, dimension check passed
INFO [2017-11-20 02:56:39] 22: helper, length(fdata)37
INFO [2017-11-20 02:56:39] 22: helper, length(fdata)37, 19
ERROR [2017-11-20 02:56:39] 113 baseFilteredData helper error Error in rcorr.cens(x, fdata): NA/NaN/Inf in foreign function call (arg 1)

INFO [2017-11-20 02:56:39] 118: baseFilteredData NULL
INFO [2017-11-20 02:58:02] starting server
INFO [2017-11-20 02:58:03] finished loading data
INFO [2017-11-20 02:58:16] userFile: xlsx SphCer_98818_.xlsx
INFO [2017-11-20 02:58:16] 392: SETTING FILE OPTIONS
INFO [2017-11-20 02:58:16] 215: availableSheets Summary, C14-Cer, C16-Cer, C18-Cer, C18_1-Cer, C20-Cer, C20_1-Cer, C20_4-Cer, C22-Cer, C22_1-Cer, C24-Cer, C24_1-Cer, C26-Cer, C26_1-Cer, dhC16-Cer, dhSph, dhSph-1P, Sph, Sph-1P, 13C16-Cer_IS, 17C-Sph_IS, 17C-Sph1P_IS, 17C16-Cer_IS, 17C24_1-Cer-IS, C17-Cer_IS
INFO [2017-11-20 02:58:16] 392: SETTING FILE OPTIONS
INFO [2017-11-20 02:58:16] START applyRowColumnFilters:  59 1 1 1 1 DIM(d) 59, 19
INFO [2017-11-20 02:58:16] END applyRowColumnFilters:  1 1 1 1 DIM(d) 59, 19
INFO [2017-11-20 02:58:16] START applyRowColumnFilters:  59 1 1 1 1 DIM(d) 59, 19
INFO [2017-11-20 02:58:16] END applyRowColumnFilters:  1 1 1 1 DIM(d) 59, 19
INFO [2017-11-20 02:58:20] NA
ERROR [2017-11-20 02:58:20] ERROR: Error in if ((endRow > startRow) && (endRow <= nrow(d))) {: missing value where TRUE/FALSE needed

INFO [2017-11-20 02:58:20] START applyRowColumnFilters:  59 5 1 1 1 DIM(d) 59, 19
INFO [2017-11-20 02:58:20] END applyRowColumnFilters:  5 1 1 1 DIM(d) 55, 19
INFO [2017-11-20 02:58:22] START applyRowColumnFilters:  59 5 1 41 1 DIM(d) 59, 19
INFO [2017-11-20 02:58:22] END applyRowColumnFilters:  5 1 41 1 DIM(d) 37, 19
INFO [2017-11-20 02:58:24] set data: dataframe, filename, description, availableSheets, selectedSheet
INFO [2017-11-20 02:58:24] SET DATA nrows: 37
INFO [2017-11-20 02:58:26] NA
ERROR [2017-11-20 02:58:26] ERROR: Error in if (endCol > startCol && endCol <= ncol(d)) {: missing value where TRUE/FALSE needed

INFO [2017-11-20 02:58:26] START applyRowColumnFilters:  59 5 5 41 1 DIM(d) 59, 19
INFO [2017-11-20 02:58:26] END applyRowColumnFilters:  5 5 41 1 DIM(d) 37, 5
INFO [2017-11-20 02:58:28] START applyRowColumnFilters:  59 5 5 41 10 DIM(d) 59, 19
INFO [2017-11-20 02:58:28] END applyRowColumnFilters:  5 5 41 10 DIM(d) 37, 6
INFO [2017-11-20 02:58:29] SET META DATA nrow: 37
INFO [2017-11-20 02:58:29] setting metadata() and orig_metadata()
INFO [2017-11-20 02:58:29] clearing factor info
INFO [2017-11-20 02:58:29] ok got at least one potential factor
INFO [2017-11-20 02:58:30] setDetails: all: 6 available: 0 need processing: 6
INFO [2017-11-20 02:58:30] 370: computeDisplayDetails: (of factors)
INFO [2017-11-20 02:58:30] now setting computed display detils
INFO [2017-11-20 02:58:31] fp_factorVariables
INFO [2017-11-20 02:58:32] observeEvent$lastClick median_2
INFO [2017-11-20 02:58:32] MEDIAN row median_2 row 2
INFO [2017-11-20 02:58:32] applyFactorButton: 2 tp median
INFO [2017-11-20 02:58:32] UPDATING computedDetails
INFO [2017-11-20 02:58:32] setDetails: all: 6 available: 1 need processing: 5
INFO [2017-11-20 02:58:32] fp_factorVariables
INFO [2017-11-20 02:58:37] selected factor: [X__6]
INFO [2017-11-20 02:58:37] 64: baseFilteredData: selected Factor: 37 method fdr tft dim 37 , 19
INFO [2017-11-20 02:58:37] 72: baseFilteredData otut dim 37 , 19
INFO [2017-11-20 02:58:37] 21: helper, dimension check passed
INFO [2017-11-20 02:58:37] 22: helper, length(fdata)37
INFO [2017-11-20 02:58:37] 22: helper, length(fdata)37, 19
ERROR [2017-11-20 02:58:37] 113 baseFilteredData helper error Error in rcorr.cens(x, fdata): NA/NaN/Inf in foreign function call (arg 1)

INFO [2017-11-20 03:02:36] 21: helper, dimension check passed
INFO [2017-11-20 03:02:36] 22: helper, length(fdata)37
INFO [2017-11-20 03:02:36] 22: helper, length(fdata)37, 19
INFO [2017-11-21 12:39:16] starting server
INFO [2017-11-21 12:39:16] finished loading data
INFO [2017-11-21 12:39:52] userFile: xlsx Anon_24Aug2017_A1_Hex_Lact-1.xlsx
INFO [2017-11-21 12:39:52] 215: availableSheets Summary, C14HexosylCer, C14Lact-Cer, C16HexosylCer, C16Lact-Cer, C18_1HexosylCer, C18_1Lact-Cer, C18HexosylCer, C18Lact-Cer, C20_1HexosylCer, C20_1Lact-Cer, C20HexosylCer, C20Lact-Cer, C22_1HexosylCer, C22_1Lact-Cer, C22HexosylCer, C22Lact-Cer, C24_1HexosylCer, C24_1Lact-Cer, C24HexosylCer, C24Lact-Cer, C26_1HexosylCer, C26_1Lact-Cer, C26HexosylCer, C26Lact-Cer, Hexosyl-Sph, Lact-Sph, C12Glu-Cer_IS, C12Lact-Cer_IS
INFO [2017-11-21 12:39:52] 392: SETTING FILE OPTIONS
INFO [2017-11-21 12:39:52] 392: SETTING FILE OPTIONS
INFO [2017-11-21 12:39:52] START applyRowColumnFilters:  34 1 1 1 1 DIM(d) 34, 27
INFO [2017-11-21 12:39:52] END applyRowColumnFilters:  1 1 1 1 DIM(d) 34, 27
INFO [2017-11-21 12:39:53] START applyRowColumnFilters:  34 1 1 1 1 DIM(d) 34, 27
INFO [2017-11-21 12:39:53] END applyRowColumnFilters:  1 1 1 1 DIM(d) 34, 27
INFO [2017-11-21 12:39:57] NA
ERROR [2017-11-21 12:39:57] ERROR: Error in if ((endRow > startRow) && (endRow <= nrow(d))) {: missing value where TRUE/FALSE needed

INFO [2017-11-21 12:39:58] START applyRowColumnFilters:  34 5 1 1 1 DIM(d) 34, 27
INFO [2017-11-21 12:39:58] END applyRowColumnFilters:  5 1 1 1 DIM(d) 30, 27
INFO [2017-11-21 12:40:21] NA
ERROR [2017-11-21 12:40:21] ERROR: Error in if ((endRow > startRow) && (endRow <= nrow(d))) {: missing value where TRUE/FALSE needed

INFO [2017-11-21 12:40:22] START applyRowColumnFilters:  34 5 1 30 1 DIM(d) 34, 27
INFO [2017-11-21 12:40:22] END applyRowColumnFilters:  5 1 30 1 DIM(d) 26, 27
INFO [2017-11-21 12:40:26] set data: dataframe, filename, description, availableSheets, selectedSheet
INFO [2017-11-21 12:40:26] SET DATA nrows: 26
INFO [2017-11-21 12:40:30] 392: SETTING FILE OPTIONS
INFO [2017-11-21 12:40:30] START applyRowColumnFilters:  43 5 1 30 1 DIM(d) 43, 19
INFO [2017-11-21 12:40:30] END applyRowColumnFilters:  5 1 30 1 DIM(d) 26, 19
INFO [2017-11-21 12:40:34] START applyRowColumnFilters:  43 5 1 30 1 DIM(d) 43, 18
INFO [2017-11-21 12:40:34] END applyRowColumnFilters:  5 1 30 1 DIM(d) 26, 18
INFO [2017-11-21 12:40:39] NA
ERROR [2017-11-21 12:40:39] ERROR: Error in if (endCol > startCol && endCol <= ncol(d)) {: missing value where TRUE/FALSE needed

INFO [2017-11-21 12:40:41] START applyRowColumnFilters:  43 5 5 30 1 DIM(d) 43, 18
INFO [2017-11-21 12:40:41] END applyRowColumnFilters:  5 5 30 1 DIM(d) 26, 5
INFO [2017-11-21 12:40:43] START applyRowColumnFilters:  43 5 5 30 10 DIM(d) 43, 18
INFO [2017-11-21 12:40:43] END applyRowColumnFilters:  5 5 30 10 DIM(d) 26, 6
INFO [2017-11-21 12:40:45] SET META DATA nrow: 26
INFO [2017-11-21 12:40:45] setting metadata() and orig_metadata()
INFO [2017-11-21 12:40:45] clearing factor info
INFO [2017-11-21 12:40:45] ok got at least one potential factor
INFO [2017-11-21 12:40:45] setDetails: all: 6 available: 1 need processing: 5
INFO [2017-11-21 12:40:45] 370: computeDisplayDetails: (of factors)
INFO [2017-11-21 12:40:45] now setting computed display detils
INFO [2017-11-21 12:40:48] fp_factorVariables
INFO [2017-11-21 12:40:52] GROUP FACTOR DISPLAY DETAILS
INFO [2017-11-21 12:41:02] selected factor: [X__11]
INFO [2017-11-21 12:41:02] 64: baseFilteredData: selected Factor: 26 method fdr tft dim 26 , 27
INFO [2017-11-21 12:41:02] 72: baseFilteredData otut dim 26 , 27
ERROR [2017-11-21 12:41:02] 113 baseFilteredData helper error Error in helper.data_by_auc(otut = otut, fdata = sf, input$adj_method): could not find function "helper.data_by_auc"

INFO [2017-11-21 12:41:19] 118: baseFilteredData NULL
INFO [2017-11-21 12:41:19] 64: baseFilteredData: selected Factor: 26 method fdr tft dim 26 , 27
INFO [2017-11-21 12:41:19] 72: baseFilteredData otut dim 26 , 27
ERROR [2017-11-21 12:41:19] 113 baseFilteredData helper error Error in helper.data_by_auc(otut = otut, fdata = sf, input$adj_method): could not find function "helper.data_by_auc"

INFO [2017-11-21 12:41:23] 118: baseFilteredData NULL
INFO [2017-11-21 12:42:02] START applyRowColumnFilters:  43 5 5 30 10 DIM(d) 43, 18
INFO [2017-11-21 12:42:02] END applyRowColumnFilters:  5 5 30 10 DIM(d) 26, 6
INFO [2017-11-21 12:42:14] userFile: xlsx otut_f.xlsx
INFO [2017-11-21 12:42:14] 215: availableSheets otut, f
INFO [2017-11-21 12:42:14] 392: SETTING FILE OPTIONS
INFO [2017-11-21 12:42:15] 392: SETTING FILE OPTIONS
INFO [2017-11-21 12:42:15] START applyRowColumnFilters:  36 1 1 1 1 DIM(d) 36, 31
INFO [2017-11-21 12:42:15] END applyRowColumnFilters:  1 1 1 1 DIM(d) 36, 31
INFO [2017-11-21 12:42:19] START applyRowColumnFilters:  35 1 1 1 1 DIM(d) 35, 31
INFO [2017-11-21 12:42:19] END applyRowColumnFilters:  1 1 1 1 DIM(d) 35, 31
INFO [2017-11-21 12:42:23] set data: dataframe, filename, description, availableSheets, selectedSheet
INFO [2017-11-21 12:42:23] SET DATA nrows: 35
INFO [2017-11-21 12:42:23] 64: baseFilteredData: selected Factor: 26 method fdr tft dim 35 , 31
INFO [2017-11-21 12:42:23] 72: baseFilteredData otut dim 35 , 31
ERROR [2017-11-21 12:42:23] 113 baseFilteredData helper error Error in helper.data_by_auc(otut = otut, fdata = sf, input$adj_method): could not find function "helper.data_by_auc"

INFO [2017-11-21 12:42:46] 118: baseFilteredData NULL
INFO [2017-11-21 12:43:19] set data: dataframe, filename, description, availableSheets, selectedSheet
INFO [2017-11-21 12:43:19] SET DATA nrows: 35
INFO [2017-11-21 12:43:21] 392: SETTING FILE OPTIONS
INFO [2017-11-21 12:43:21] START applyRowColumnFilters:  34 1 1 1 1 DIM(d) 34, 1
INFO [2017-11-21 12:43:21] END applyRowColumnFilters:  1 1 1 1 DIM(d) 34, 1
INFO [2017-11-21 12:43:26] START applyRowColumnFilters:  35 1 1 1 1 DIM(d) 35, 1
INFO [2017-11-21 12:43:26] END applyRowColumnFilters:  1 1 1 1 DIM(d) 35, 1
INFO [2017-11-21 12:43:28] SET META DATA nrow: 35
INFO [2017-11-21 12:43:28] setting metadata() and orig_metadata()
INFO [2017-11-21 12:43:28] clearing factor info
INFO [2017-11-21 12:43:28] ok got at least one potential factor
INFO [2017-11-21 12:43:28] setDetails: all: 1 available: 1 need processing: 0
INFO [2017-11-21 12:43:28] 370: computeDisplayDetails: (of factors)
INFO [2017-11-21 12:43:28] now setting computed display detils
INFO [2017-11-21 12:43:28] selected factor: [X__11]
INFO [2017-11-21 12:43:28] theSelectedFactor not available in this dataset.
INFO [2017-11-21 12:43:28] 98: baseFilteredData: no factor data
INFO [2017-11-21 12:43:32] fp_factorVariables
INFO [2017-11-21 12:43:36] selected factor: [X__1]
INFO [2017-11-21 12:43:36] 64: baseFilteredData: selected Factor: 35 method fdr tft dim 35 , 31
INFO [2017-11-21 12:43:36] 72: baseFilteredData otut dim 35 , 31
ERROR [2017-11-21 12:43:36] 113 baseFilteredData helper error Error in helper.data_by_auc(otut = otut, fdata = sf, input$adj_method): could not find function "helper.data_by_auc"

INFO [2017-11-21 12:43:38] 118: baseFilteredData NULL
INFO [2017-11-21 12:43:59] 64: baseFilteredData: selected Factor: 35 method fdr tft dim 35 , 31
INFO [2017-11-21 12:43:59] 72: baseFilteredData otut dim 35 , 31
ERROR [2017-11-21 12:43:59] 113 baseFilteredData helper error Error in helper.data_by_auc(otut = otut, fdata = sf, input$adj_method): could not find function "helper.data_by_auc"

INFO [2017-11-21 12:44:06] 118: baseFilteredData NULL
INFO [2017-11-21 12:47:14] starting server
INFO [2017-11-21 12:47:14] finished loading data
INFO [2017-11-21 12:47:23] userFile: xlsx otut_f.xlsx
INFO [2017-11-21 12:47:23] 392: SETTING FILE OPTIONS
INFO [2017-11-21 12:47:23] 215: availableSheets otut, f
INFO [2017-11-21 12:47:23] 392: SETTING FILE OPTIONS
INFO [2017-11-21 12:47:23] START applyRowColumnFilters:  36 1 1 1 1 DIM(d) 36, 31
INFO [2017-11-21 12:47:23] END applyRowColumnFilters:  1 1 1 1 DIM(d) 36, 31
INFO [2017-11-21 12:47:23] START applyRowColumnFilters:  36 1 1 1 1 DIM(d) 36, 31
INFO [2017-11-21 12:47:23] END applyRowColumnFilters:  1 1 1 1 DIM(d) 36, 31
INFO [2017-11-21 12:47:31] START applyRowColumnFilters:  35 1 1 1 1 DIM(d) 35, 31
INFO [2017-11-21 12:47:31] END applyRowColumnFilters:  1 1 1 1 DIM(d) 35, 31
INFO [2017-11-21 12:47:33] set data: dataframe, filename, description, availableSheets, selectedSheet
INFO [2017-11-21 12:47:33] SET DATA nrows: 35
INFO [2017-11-21 12:47:35] 392: SETTING FILE OPTIONS
INFO [2017-11-21 12:47:35] START applyRowColumnFilters:  34 1 1 1 1 DIM(d) 34, 1
INFO [2017-11-21 12:47:35] END applyRowColumnFilters:  1 1 1 1 DIM(d) 34, 1
INFO [2017-11-21 12:47:40] START applyRowColumnFilters:  35 1 1 1 1 DIM(d) 35, 1
INFO [2017-11-21 12:47:40] END applyRowColumnFilters:  1 1 1 1 DIM(d) 35, 1
INFO [2017-11-21 12:47:41] SET META DATA nrow: 35
INFO [2017-11-21 12:47:41] setting metadata() and orig_metadata()
INFO [2017-11-21 12:47:41] clearing factor info
INFO [2017-11-21 12:47:41] ok got at least one potential factor
INFO [2017-11-21 12:47:41] setDetails: all: 1 available: 1 need processing: 0
INFO [2017-11-21 12:47:41] 370: computeDisplayDetails: (of factors)
INFO [2017-11-21 12:47:41] now setting computed display detils
INFO [2017-11-21 12:47:43] fp_factorVariables
INFO [2017-11-21 12:47:45] selected factor: [X__1]
INFO [2017-11-21 12:47:45] 64: baseFilteredData: selected Factor: 35 method fdr tft dim 35 , 31
INFO [2017-11-21 12:47:45] 72: baseFilteredData otut dim 35 , 31
ERROR [2017-11-21 12:47:45] 113 baseFilteredData helper error Error in helper.data_by_auc(otut = otut, fdata = sf, input$adj_method): could not find function "helper.data_by_auc"

INFO [2017-11-21 12:47:45] 118: baseFilteredData NULL
INFO [2017-11-21 12:47:49] 64: baseFilteredData: selected Factor: 35 method fdr tft dim 35 , 31
INFO [2017-11-21 12:47:49] 72: baseFilteredData otut dim 35 , 31
ERROR [2017-11-21 12:47:49] 113 baseFilteredData helper error Error in helper.data_by_auc(otut = otut, fdata = sf, input$adj_method): could not find function "helper.data_by_auc"

INFO [2017-11-21 12:47:49] 118: baseFilteredData NULL
INFO [2017-11-21 12:50:20] starting server
INFO [2017-11-21 12:50:21] finished loading data
INFO [2017-11-21 12:51:20] starting server
INFO [2017-11-21 12:51:21] finished loading data
INFO [2017-11-21 12:51:29] userFile: xlsx otut_f.xlsx
INFO [2017-11-21 12:51:29] 392: SETTING FILE OPTIONS
INFO [2017-11-21 12:51:29] 215: availableSheets otut, f
INFO [2017-11-21 12:51:29] 392: SETTING FILE OPTIONS
INFO [2017-11-21 12:51:29] START applyRowColumnFilters:  36 1 1 1 1 DIM(d) 36, 31
INFO [2017-11-21 12:51:29] END applyRowColumnFilters:  1 1 1 1 DIM(d) 36, 31
INFO [2017-11-21 12:51:29] START applyRowColumnFilters:  36 1 1 1 1 DIM(d) 36, 31
INFO [2017-11-21 12:51:29] END applyRowColumnFilters:  1 1 1 1 DIM(d) 36, 31
INFO [2017-11-21 12:51:37] START applyRowColumnFilters:  35 1 1 1 1 DIM(d) 35, 31
INFO [2017-11-21 12:51:37] END applyRowColumnFilters:  1 1 1 1 DIM(d) 35, 31
INFO [2017-11-21 12:51:38] set data: dataframe, filename, description, availableSheets, selectedSheet
INFO [2017-11-21 12:51:38] SET DATA nrows: 35
INFO [2017-11-21 12:51:41] START applyRowColumnFilters:  36 1 1 1 1 DIM(d) 36, 31
INFO [2017-11-21 12:51:41] END applyRowColumnFilters:  1 1 1 1 DIM(d) 36, 31
INFO [2017-11-21 12:51:43] 392: SETTING FILE OPTIONS
INFO [2017-11-21 12:51:43] START applyRowColumnFilters:  35 1 1 1 1 DIM(d) 35, 1
INFO [2017-11-21 12:51:43] END applyRowColumnFilters:  1 1 1 1 DIM(d) 35, 1
INFO [2017-11-21 12:51:44] SET META DATA nrow: 35
INFO [2017-11-21 12:51:44] setting metadata() and orig_metadata()
INFO [2017-11-21 12:51:44] clearing factor info
INFO [2017-11-21 12:51:44] ok got at least one potential factor
INFO [2017-11-21 12:51:44] setDetails: all: 1 available: 1 need processing: 0
INFO [2017-11-21 12:51:44] 370: computeDisplayDetails: (of factors)
INFO [2017-11-21 12:51:44] now setting computed display detils
INFO [2017-11-21 12:51:46] fp_factorVariables
INFO [2017-11-21 12:51:47] selected factor: [X__1]
INFO [2017-11-21 12:51:47] 64: baseFilteredData: selected Factor: 35 method fdr tft dim 35 , 31
INFO [2017-11-21 12:51:47] 72: baseFilteredData otut dim 35 , 31
INFO [2017-11-21 12:51:47] 21: helper, dimension check passed
INFO [2017-11-21 12:51:47] 22: helper, length(fdata)35
INFO [2017-11-21 12:51:47] 22: helper, length(fdata)35, 31
ERROR [2017-11-21 12:51:47] 113 baseFilteredData helper error Error in rcorr.cens(x, fdata): could not find function "rcorr.cens"

INFO [2017-11-21 12:51:47] 118: baseFilteredData NULL
INFO [2017-11-21 12:51:51] 64: baseFilteredData: selected Factor: 35 method fdr tft dim 35 , 31
INFO [2017-11-21 12:51:51] 72: baseFilteredData otut dim 35 , 31
INFO [2017-11-21 12:51:51] 21: helper, dimension check passed
INFO [2017-11-21 12:51:51] 22: helper, length(fdata)35
INFO [2017-11-21 12:51:51] 22: helper, length(fdata)35, 31
ERROR [2017-11-21 12:51:51] 113 baseFilteredData helper error Error in rcorr.cens(x, fdata): could not find function "rcorr.cens"

INFO [2017-11-21 12:51:51] 118: baseFilteredData NULL
INFO [2017-11-21 12:56:26] starting server
INFO [2017-11-21 12:56:26] finished loading data
INFO [2017-11-21 12:56:35] userFile: xlsx otut_f.xlsx
INFO [2017-11-21 12:56:35] 215: availableSheets otut, f
INFO [2017-11-21 12:56:35] 392: SETTING FILE OPTIONS
INFO [2017-11-21 12:56:35] 392: SETTING FILE OPTIONS
INFO [2017-11-21 12:56:35] START applyRowColumnFilters:  36 1 1 1 1 DIM(d) 36, 31
INFO [2017-11-21 12:56:35] END applyRowColumnFilters:  1 1 1 1 DIM(d) 36, 31
INFO [2017-11-21 12:56:35] START applyRowColumnFilters:  36 1 1 1 1 DIM(d) 36, 31
INFO [2017-11-21 12:56:35] END applyRowColumnFilters:  1 1 1 1 DIM(d) 36, 31
INFO [2017-11-21 12:56:38] START applyRowColumnFilters:  35 1 1 1 1 DIM(d) 35, 31
INFO [2017-11-21 12:56:38] END applyRowColumnFilters:  1 1 1 1 DIM(d) 35, 31
INFO [2017-11-21 12:56:38] set data: dataframe, filename, description, availableSheets, selectedSheet
INFO [2017-11-21 12:56:38] SET DATA nrows: 35
INFO [2017-11-21 12:56:39] START applyRowColumnFilters:  36 1 1 1 1 DIM(d) 36, 31
INFO [2017-11-21 12:56:39] END applyRowColumnFilters:  1 1 1 1 DIM(d) 36, 31
INFO [2017-11-21 12:56:41] START applyRowColumnFilters:  35 1 1 1 1 DIM(d) 35, 1
INFO [2017-11-21 12:56:41] END applyRowColumnFilters:  1 1 1 1 DIM(d) 35, 1
INFO [2017-11-21 12:56:41] 392: SETTING FILE OPTIONS
INFO [2017-11-21 12:56:42] SET META DATA nrow: 35
INFO [2017-11-21 12:56:42] setting metadata() and orig_metadata()
INFO [2017-11-21 12:56:42] clearing factor info
INFO [2017-11-21 12:56:42] ok got at least one potential factor
INFO [2017-11-21 12:56:42] setDetails: all: 1 available: 1 need processing: 0
INFO [2017-11-21 12:56:42] 370: computeDisplayDetails: (of factors)
INFO [2017-11-21 12:56:42] now setting computed display detils
INFO [2017-11-21 12:56:44] fp_factorVariables
INFO [2017-11-21 12:56:45] selected factor: [X__1]
INFO [2017-11-21 12:56:45] 64: baseFilteredData: selected Factor: 35 method fdr tft dim 35 , 31
INFO [2017-11-21 12:56:45] 72: baseFilteredData otut dim 35 , 31
INFO [2017-11-21 12:56:45] 21: helper, dimension check passed
INFO [2017-11-21 12:56:45] 22: helper, length(fdata)35
INFO [2017-11-21 12:56:45] 22: helper, length(fdata)35, 31
INFO [2017-11-21 12:56:45] table.wilcox.auc: rownames
INFO [2017-11-21 12:56:45] 78: after calling data_by_auc ft dim 8 , 31 significance threshold:  0.01
INFO [2017-11-21 12:56:45] status message cd:1
INFO [2017-11-21 12:56:45] Displaying  2  of  35  total rows using  fdr  significance value  0.01  cols  1
INFO [2017-11-21 12:56:45] FILTERED PLOTLY: dd length ==> null? FALSE length9
INFO [2017-11-21 12:56:45] 211: generatePlot_ly
INFO [2017-11-21 12:56:49] 64: baseFilteredData: selected Factor: 35 method fdr tft dim 35 , 31
INFO [2017-11-21 12:56:49] 72: baseFilteredData otut dim 35 , 31
INFO [2017-11-21 12:56:49] 21: helper, dimension check passed
INFO [2017-11-21 12:56:49] 22: helper, length(fdata)35
INFO [2017-11-21 12:56:49] 22: helper, length(fdata)35, 31
INFO [2017-11-21 12:56:49] table.wilcox.auc: rownames
INFO [2017-11-21 12:56:49] 78: after calling data_by_auc ft dim 8 , 31 significance threshold:  All
INFO [2017-11-21 12:56:49] status message cd:1
INFO [2017-11-21 12:56:49] Displaying  31  of  35  total rows using  fdr  significance value  All  cols  1
INFO [2017-11-21 12:56:49] FILTERED PLOTLY: dd length ==> null? FALSE length9
INFO [2017-11-21 12:56:49] 211: generatePlot_ly
